# JRE version: OpenJDK Runtime Environment (8.0_112-b06) (build 1.8.0_112-release-b06)
# Java VM: OpenJDK 64-Bit Server VM (25.112-b06 mixed mode windows-amd64 compressed oops)
Heap:
 PSYoungGen      total 68096K, used 23821K [0x00000000e0000000, 0x00000000e6380000, 0x0000000100000000)
  eden space 57344K, 31% used [0x00000000e0000000,0x00000000e11641a8,0x00000000e3800000)
  from space 10752K, 55% used [0x00000000e3800000,0x00000000e3ddf628,0x00000000e4280000)
  to   space 10240K, 0% used [0x00000000e5980000,0x00000000e5980000,0x00000000e6380000)
 ParOldGen       total 40448K, used 15149K [0x00000000a0000000, 0x00000000a2780000, 0x00000000e0000000)
  object space 40448K, 37% used [0x00000000a0000000,0x00000000a0ecb408,0x00000000a2780000)
 Metaspace       used 30235K, capacity 30804K, committed 30976K, reserved 1075200K
  class space    used 4132K, capacity 4286K, committed 4352K, reserved 1048576K
GC Heap History (10 events):
Event: 8.858 GC heap before
{Heap before GC invocations=4 (full 0):
 PSYoungGen      total 35328K, used 35312K [0x00000000e0000000, 0x00000000e4500000, 0x0000000100000000)
  eden space 32768K, 100% used [0x00000000e0000000,0x00000000e2000000,0x00000000e2000000)
  from space 2560K, 99% used [0x00000000e2000000,0x00000000e227c010,0x00000000e2280000)
  to   space 2560K, 0% used [0x00000000e4280000,0x00000000e4280000,0x00000000e4500000)
 ParOldGen       total 44032K, used 4089K [0x00000000a0000000, 0x00000000a2b00000, 0x00000000e0000000)
  object space 44032K, 9% used [0x00000000a0000000,0x00000000a03fe5b8,0x00000000a2b00000)
 Metaspace       used 16351K, capacity 16720K, committed 16768K, reserved 1062912K
  class space    used 2272K, capacity 2402K, committed 2432K, reserved 1048576K
Event: 8.876 GC heap after
Heap after GC invocations=4 (full 0):
 PSYoungGen      total 68096K, used 2544K [0x00000000e0000000, 0x00000000e4500000, 0x0000000100000000)
  eden space 65536K, 0% used [0x00000000e0000000,0x00000000e0000000,0x00000000e4000000)
  from space 2560K, 99% used [0x00000000e4280000,0x00000000e44fc010,0x00000000e4500000)
  to   space 2560K, 0% used [0x00000000e4000000,0x00000000e4000000,0x00000000e4280000)
 ParOldGen       total 44032K, used 8233K [0x00000000a0000000, 0x00000000a2b00000, 0x00000000e0000000)
  object space 44032K, 18% used [0x00000000a0000000,0x00000000a080a6a8,0x00000000a2b00000)
 Metaspace       used 16351K, capacity 16720K, committed 16768K, reserved 1062912K
  class space    used 2272K, capacity 2402K, committed 2432K, reserved 1048576K
}
Event: 10.320 GC heap before
{Heap before GC invocations=5 (full 0):
 PSYoungGen      total 68096K, used 26359K [0x00000000e0000000, 0x00000000e4500000, 0x0000000100000000)
  eden space 65536K, 36% used [0x00000000e0000000,0x00000000e1741e70,0x00000000e4000000)
  from space 2560K, 99% used [0x00000000e4280000,0x00000000e44fc010,0x00000000e4500000)
  to   space 2560K, 0% used [0x00000000e4000000,0x00000000e4000000,0x00000000e4280000)
 ParOldGen       total 44032K, used 8233K [0x00000000a0000000, 0x00000000a2b00000, 0x00000000e0000000)
  object space 44032K, 18% used [0x00000000a0000000,0x00000000a080a6a8,0x00000000a2b00000)
 Metaspace       used 20814K, capacity 21212K, committed 21296K, reserved 1067008K
  class space    used 2788K, capacity 2918K, committed 2944K, reserved 1048576K
Event: 10.342 GC heap after
Heap after GC invocations=5 (full 0):
 PSYoungGen      total 68096K, used 2544K [0x00000000e0000000, 0x00000000e4500000, 0x0000000100000000)
  eden space 65536K, 0% used [0x00000000e0000000,0x00000000e0000000,0x00000000e4000000)
  from space 2560K, 99% used [0x00000000e4000000,0x00000000e427c010,0x00000000e4280000)
  to   space 2560K, 0% used [0x00000000e4280000,0x00000000e4280000,0x00000000e4500000)
 ParOldGen       total 44032K, used 13244K [0x00000000a0000000, 0x00000000a2b00000, 0x00000000e0000000)
  object space 44032K, 30% used [0x00000000a0000000,0x00000000a0cef228,0x00000000a2b00000)
 Metaspace       used 20814K, capacity 21212K, committed 21296K, reserved 1067008K
  class space    used 2788K, capacity 2918K, committed 2944K, reserved 1048576K
}
Event: 10.342 GC heap before
{Heap before GC invocations=6 (full 1):
 PSYoungGen      total 68096K, used 2544K [0x00000000e0000000, 0x00000000e4500000, 0x0000000100000000)
  eden space 65536K, 0% used [0x00000000e0000000,0x00000000e0000000,0x00000000e4000000)
  from space 2560K, 99% used [0x00000000e4000000,0x00000000e427c010,0x00000000e4280000)
  to   space 2560K, 0% used [0x00000000e4280000,0x00000000e4280000,0x00000000e4500000)
 ParOldGen       total 44032K, used 13244K [0x00000000a0000000, 0x00000000a2b00000, 0x00000000e0000000)
  object space 44032K, 30% used [0x00000000a0000000,0x00000000a0cef228,0x00000000a2b00000)
 Metaspace       used 20814K, capacity 21212K, committed 21296K, reserved 1067008K
  class space    used 2788K, capacity 2918K, committed 2944K, reserved 1048576K
Event: 10.494 GC heap after
Heap after GC invocations=6 (full 1):
 PSYoungGen      total 68096K, used 0K [0x00000000e0000000, 0x00000000e4500000, 0x0000000100000000)
  eden space 65536K, 0% used [0x00000000e0000000,0x00000000e0000000,0x00000000e4000000)
  from space 2560K, 0% used [0x00000000e4000000,0x00000000e4000000,0x00000000e4280000)
  to   space 2560K, 0% used [0x00000000e4280000,0x00000000e4280000,0x00000000e4500000)
 ParOldGen       total 40448K, used 9520K [0x00000000a0000000, 0x00000000a2780000, 0x00000000e0000000)
  object space 40448K, 23% used [0x00000000a0000000,0x00000000a094c180,0x00000000a2780000)
 Metaspace       used 20814K, capacity 21212K, committed 21296K, reserved 1067008K
  class space    used 2788K, capacity 2918K, committed 2944K, reserved 1048576K
}
Event: 18.688 GC heap before
{Heap before GC invocations=7 (full 1):
 PSYoungGen      total 68096K, used 65536K [0x00000000e0000000, 0x00000000e4500000, 0x0000000100000000)
  eden space 65536K, 100% used [0x00000000e0000000,0x00000000e4000000,0x00000000e4000000)
  from space 2560K, 0% used [0x00000000e4000000,0x00000000e4000000,0x00000000e4280000)
  to   space 2560K, 0% used [0x00000000e4280000,0x00000000e4280000,0x00000000e4500000)
 ParOldGen       total 40448K, used 9520K [0x00000000a0000000, 0x00000000a2780000, 0x00000000e0000000)
  object space 40448K, 23% used [0x00000000a0000000,0x00000000a094c180,0x00000000a2780000)
 Metaspace       used 26492K, capacity 26924K, committed 27136K, reserved 1073152K
  class space    used 3658K, capacity 3786K, committed 3840K, reserved 1048576K
Event: 18.700 GC heap after
Heap after GC invocations=7 (full 1):
 PSYoungGen      total 59904K, used 2528K [0x00000000e0000000, 0x00000000e7380000, 0x0000000100000000)
  eden space 57344K, 0% used [0x00000000e0000000,0x00000000e0000000,0x00000000e3800000)
  from space 2560K, 98% used [0x00000000e4280000,0x00000000e44f8010,0x00000000e4500000)
  to   space 10752K, 0% used [0x00000000e3800000,0x00000000e3800000,0x00000000e4280000)
 ParOldGen       total 40448K, used 15141K [0x00000000a0000000, 0x00000000a2780000, 0x00000000e0000000)
  object space 40448K, 37% used [0x00000000a0000000,0x00000000a0ec9408,0x00000000a2780000)
 Metaspace       used 26492K, capacity 26924K, committed 27136K, reserved 1073152K
  class space    used 3658K, capacity 3786K, committed 3840K, reserved 1048576K
}
Event: 24.050 GC heap before
{Heap before GC invocations=8 (full 1):
 PSYoungGen      total 59904K, used 59872K [0x00000000e0000000, 0x00000000e7380000, 0x0000000100000000)
  eden space 57344K, 100% used [0x00000000e0000000,0x00000000e3800000,0x00000000e3800000)
  from space 2560K, 98% used [0x00000000e4280000,0x00000000e44f8010,0x00000000e4500000)
  to   space 10752K, 0% used [0x00000000e3800000,0x00000000e3800000,0x00000000e4280000)
 ParOldGen       total 40448K, used 15141K [0x00000000a0000000, 0x00000000a2780000, 0x00000000e0000000)
  object space 40448K, 37% used [0x00000000a0000000,0x00000000a0ec9408,0x00000000a2780000)
 Metaspace       used 29769K, capacity 30366K, committed 30720K, reserved 1075200K
  class space    used 4072K, capacity 4248K, committed 4352K, reserved 1048576K
Event: 24.064 GC heap after
Heap after GC invocations=8 (full 1):
 PSYoungGen      total 68096K, used 6013K [0x00000000e0000000, 0x00000000e6380000, 0x0000000100000000)
  eden space 57344K, 0% used [0x00000000e0000000,0x00000000e0000000,0x00000000e3800000)
  from space 10752K, 55% used [0x00000000e3800000,0x00000000e3ddf628,0x00000000e4280000)
  to   space 10240K, 0% used [0x00000000e5980000,0x00000000e5980000,0x00000000e6380000)
 ParOldGen       total 40448K, used 15149K [0x00000000a0000000, 0x00000000a2780000, 0x00000000e0000000)
  object space 40448K, 37% used [0x00000000a0000000,0x00000000a0ecb408,0x00000000a2780000)
 Metaspace       used 29769K, capacity 30366K, committed 30720K, reserved 1075200K
  class space    used 4072K, capacity 4248K, committed 4352K, reserved 1048576K
}

