# JRE version: OpenJDK Runtime Environment (8.0_112-b06) (build 1.8.0_112-release-b06)
# Java VM: OpenJDK 64-Bit Server VM (25.112-b06 mixed mode windows-amd64 compressed oops)
Heap:
 PSYoungGen      total 259072K, used 23150K [0x00000000e0000000, 0x00000000f0f00000, 0x0000000100000000)
  eden space 240640K, 9% used [0x00000000e0000000,0x00000000e169baf0,0x00000000eeb00000)
  from space 18432K, 0% used [0x00000000eeb00000,0x00000000eeb00000,0x00000000efd00000)
  to   space 17920K, 0% used [0x00000000efd80000,0x00000000efd80000,0x00000000f0f00000)
 ParOldGen       total 100352K, used 46838K [0x00000000a0000000, 0x00000000a6200000, 0x00000000e0000000)
  object space 100352K, 46% used [0x00000000a0000000,0x00000000a2dbdbe8,0x00000000a6200000)
 Metaspace       used 56820K, capacity 59122K, committed 59284K, reserved 1099776K
  class space    used 7617K, capacity 8139K, committed 8192K, reserved 1048576K
GC Heap History (10 events):
Event: 127.351 GC heap before
{Heap before GC invocations=12 (full 2):
 PSYoungGen      total 146432K, used 146426K [0x00000000e0000000, 0x00000000ed280000, 0x0000000100000000)
  eden space 133120K, 100% used [0x00000000e0000000,0x00000000e8200000,0x00000000e8200000)
  from space 13312K, 99% used [0x00000000e8200000,0x00000000e8efe8e0,0x00000000e8f00000)
  to   space 15872K, 0% used [0x00000000ec300000,0x00000000ec300000,0x00000000ed280000)
 ParOldGen       total 54784K, used 16029K [0x00000000a0000000, 0x00000000a3580000, 0x00000000e0000000)
  object space 54784K, 29% used [0x00000000a0000000,0x00000000a0fa7738,0x00000000a3580000)
 Metaspace       used 46009K, capacity 46920K, committed 47104K, reserved 1089536K
  class space    used 6066K, capacity 6283K, committed 6400K, reserved 1048576K
Event: 127.378 GC heap after
Heap after GC invocations=12 (full 2):
 PSYoungGen      total 194560K, used 13406K [0x00000000e0000000, 0x00000000ed100000, 0x0000000100000000)
  eden space 180224K, 0% used [0x00000000e0000000,0x00000000e0000000,0x00000000eb000000)
  from space 14336K, 93% used [0x00000000ec300000,0x00000000ed017a28,0x00000000ed100000)
  to   space 16896K, 0% used [0x00000000eb000000,0x00000000eb000000,0x00000000ec080000)
 ParOldGen       total 54784K, used 16037K [0x00000000a0000000, 0x00000000a3580000, 0x00000000e0000000)
  object space 54784K, 29% used [0x00000000a0000000,0x00000000a0fa9738,0x00000000a3580000)
 Metaspace       used 46009K, capacity 46920K, committed 47104K, reserved 1089536K
  class space    used 6066K, capacity 6283K, committed 6400K, reserved 1048576K
}
Event: 133.477 GC heap before
{Heap before GC invocations=13 (full 2):
 PSYoungGen      total 194560K, used 193630K [0x00000000e0000000, 0x00000000ed100000, 0x0000000100000000)
  eden space 180224K, 100% used [0x00000000e0000000,0x00000000eb000000,0x00000000eb000000)
  from space 14336K, 93% used [0x00000000ec300000,0x00000000ed017a28,0x00000000ed100000)
  to   space 16896K, 0% used [0x00000000eb000000,0x00000000eb000000,0x00000000ec080000)
 ParOldGen       total 54784K, used 16037K [0x00000000a0000000, 0x00000000a3580000, 0x00000000e0000000)
  object space 54784K, 29% used [0x00000000a0000000,0x00000000a0fa9738,0x00000000a3580000)
 Metaspace       used 46414K, capacity 47344K, committed 47616K, reserved 1091584K
  class space    used 6095K, capacity 6331K, committed 6400K, reserved 1048576K
Event: 133.503 GC heap after
Heap after GC invocations=13 (full 2):
 PSYoungGen      total 197120K, used 15510K [0x00000000e0000000, 0x00000000f1000000, 0x0000000100000000)
  eden space 180224K, 0% used [0x00000000e0000000,0x00000000e0000000,0x00000000eb000000)
  from space 16896K, 91% used [0x00000000eb000000,0x00000000ebf25898,0x00000000ec080000)
  to   space 18944K, 0% used [0x00000000efd80000,0x00000000efd80000,0x00000000f1000000)
 ParOldGen       total 54784K, used 16045K [0x00000000a0000000, 0x00000000a3580000, 0x00000000e0000000)
  object space 54784K, 29% used [0x00000000a0000000,0x00000000a0fab738,0x00000000a3580000)
 Metaspace       used 46414K, capacity 47344K, committed 47616K, reserved 1091584K
  class space    used 6095K, capacity 6331K, committed 6400K, reserved 1048576K
}
Event: 142.013 GC heap before
{Heap before GC invocations=14 (full 2):
 PSYoungGen      total 197120K, used 195734K [0x00000000e0000000, 0x00000000f1000000, 0x0000000100000000)
  eden space 180224K, 100% used [0x00000000e0000000,0x00000000eb000000,0x00000000eb000000)
  from space 16896K, 91% used [0x00000000eb000000,0x00000000ebf25898,0x00000000ec080000)
  to   space 18944K, 0% used [0x00000000efd80000,0x00000000efd80000,0x00000000f1000000)
 ParOldGen       total 54784K, used 16045K [0x00000000a0000000, 0x00000000a3580000, 0x00000000e0000000)
  object space 54784K, 29% used [0x00000000a0000000,0x00000000a0fab738,0x00000000a3580000)
 Metaspace       used 49225K, capacity 50636K, committed 50944K, reserved 1093632K
  class space    used 6503K, capacity 6831K, committed 6912K, reserved 1048576K
Event: 142.080 GC heap after
Heap after GC invocations=14 (full 2):
 PSYoungGen      total 258560K, used 10863K [0x00000000e0000000, 0x00000000f0f00000, 0x0000000100000000)
  eden space 240640K, 0% used [0x00000000e0000000,0x00000000e0000000,0x00000000eeb00000)
  from space 17920K, 60% used [0x00000000efd80000,0x00000000f081bc00,0x00000000f0f00000)
  to   space 18432K, 0% used [0x00000000eeb00000,0x00000000eeb00000,0x00000000efd00000)
 ParOldGen       total 54784K, used 24095K [0x00000000a0000000, 0x00000000a3580000, 0x00000000e0000000)
  object space 54784K, 43% used [0x00000000a0000000,0x00000000a1787e10,0x00000000a3580000)
 Metaspace       used 49225K, capacity 50636K, committed 50944K, reserved 1093632K
  class space    used 6503K, capacity 6831K, committed 6912K, reserved 1048576K
}
Event: 152.053 GC heap before
{Heap before GC invocations=15 (full 2):
 PSYoungGen      total 258560K, used 188032K [0x00000000e0000000, 0x00000000f0f00000, 0x0000000100000000)
  eden space 240640K, 73% used [0x00000000e0000000,0x00000000ead046f8,0x00000000eeb00000)
  from space 17920K, 60% used [0x00000000efd80000,0x00000000f081bc00,0x00000000f0f00000)
  to   space 18432K, 0% used [0x00000000eeb00000,0x00000000eeb00000,0x00000000efd00000)
 ParOldGen       total 54784K, used 24095K [0x00000000a0000000, 0x00000000a3580000, 0x00000000e0000000)
  object space 54784K, 43% used [0x00000000a0000000,0x00000000a1787e10,0x00000000a3580000)
 Metaspace       used 56625K, capacity 58892K, committed 59028K, reserved 1099776K
  class space    used 7594K, capacity 8118K, committed 8192K, reserved 1048576K
Event: 152.106 GC heap after
Heap after GC invocations=15 (full 2):
 PSYoungGen      total 259072K, used 18419K [0x00000000e0000000, 0x00000000f0f00000, 0x0000000100000000)
  eden space 240640K, 0% used [0x00000000e0000000,0x00000000e0000000,0x00000000eeb00000)
  from space 18432K, 99% used [0x00000000eeb00000,0x00000000efcfcc00,0x00000000efd00000)
  to   space 17920K, 0% used [0x00000000efd80000,0x00000000efd80000,0x00000000f0f00000)
 ParOldGen       total 54784K, used 31060K [0x00000000a0000000, 0x00000000a3580000, 0x00000000e0000000)
  object space 54784K, 56% used [0x00000000a0000000,0x00000000a1e552a0,0x00000000a3580000)
 Metaspace       used 56625K, capacity 58892K, committed 59028K, reserved 1099776K
  class space    used 7594K, capacity 8118K, committed 8192K, reserved 1048576K
}
Event: 152.106 GC heap before
{Heap before GC invocations=16 (full 3):
 PSYoungGen      total 259072K, used 18419K [0x00000000e0000000, 0x00000000f0f00000, 0x0000000100000000)
  eden space 240640K, 0% used [0x00000000e0000000,0x00000000e0000000,0x00000000eeb00000)
  from space 18432K, 99% used [0x00000000eeb00000,0x00000000efcfcc00,0x00000000efd00000)
  to   space 17920K, 0% used [0x00000000efd80000,0x00000000efd80000,0x00000000f0f00000)
 ParOldGen       total 54784K, used 31060K [0x00000000a0000000, 0x00000000a3580000, 0x00000000e0000000)
  object space 54784K, 56% used [0x00000000a0000000,0x00000000a1e552a0,0x00000000a3580000)
 Metaspace       used 56625K, capacity 58892K, committed 59028K, reserved 1099776K
  class space    used 7594K, capacity 8118K, committed 8192K, reserved 1048576K
Event: 152.659 GC heap after
Heap after GC invocations=16 (full 3):
 PSYoungGen      total 259072K, used 0K [0x00000000e0000000, 0x00000000f0f00000, 0x0000000100000000)
  eden space 240640K, 0% used [0x00000000e0000000,0x00000000e0000000,0x00000000eeb00000)
  from space 18432K, 0% used [0x00000000eeb00000,0x00000000eeb00000,0x00000000efd00000)
  to   space 17920K, 0% used [0x00000000efd80000,0x00000000efd80000,0x00000000f0f00000)
 ParOldGen       total 100352K, used 46838K [0x00000000a0000000, 0x00000000a6200000, 0x00000000e0000000)
  object space 100352K, 46% used [0x00000000a0000000,0x00000000a2dbdbe8,0x00000000a6200000)
 Metaspace       used 56625K, capacity 58892K, committed 59028K, reserved 1099776K
  class space    used 7594K, capacity 8118K, committed 8192K, reserved 1048576K
}

