# JRE version: OpenJDK Runtime Environment (8.0_112-b06) (build 1.8.0_112-release-b06)
# Java VM: OpenJDK 64-Bit Server VM (25.112-b06 mixed mode windows-amd64 compressed oops)
Heap:
 PSYoungGen      total 38912K, used 3620K [0x00000000e0000000, 0x00000000e2c00000, 0x0000000100000000)
  eden space 32768K, 0% used [0x00000000e0000000,0x00000000e0000000,0x00000000e2000000)
  from space 6144K, 58% used [0x00000000e2000000,0x00000000e23890e0,0x00000000e2600000)
  to   space 6144K, 0% used [0x00000000e2600000,0x00000000e2600000,0x00000000e2c00000)
 ParOldGen       total 44032K, used 7226K [0x00000000a0000000, 0x00000000a2b00000, 0x00000000e0000000)
  object space 44032K, 16% used [0x00000000a0000000,0x00000000a070eb30,0x00000000a2b00000)
 Metaspace       used 17578K, capacity 17942K, committed 18048K, reserved 1069056K
  class space    used 2457K, capacity 2596K, committed 2688K, reserved 1048576K
GC Heap History (10 events):
Event: 1.126 GC heap after
Heap after GC invocations=2 (full 0):
 PSYoungGen      total 18944K, used 2371K [0x00000000e0000000, 0x00000000e1500000, 0x0000000100000000)
  eden space 16384K, 0% used [0x00000000e0000000,0x00000000e0000000,0x00000000e1000000)
  from space 2560K, 92% used [0x00000000e1280000,0x00000000e14d0d30,0x00000000e1500000)
  to   space 2560K, 0% used [0x00000000e1000000,0x00000000e1000000,0x00000000e1280000)
 ParOldGen       total 44032K, used 622K [0x00000000a0000000, 0x00000000a2b00000, 0x00000000e0000000)
  object space 44032K, 1% used [0x00000000a0000000,0x00000000a009bb58,0x00000000a2b00000)
 Metaspace       used 6804K, capacity 7028K, committed 7040K, reserved 1056768K
  class space    used 833K, capacity 892K, committed 896K, reserved 1048576K
}
Event: 1.770 GC heap before
{Heap before GC invocations=3 (full 0):
 PSYoungGen      total 18944K, used 18755K [0x00000000e0000000, 0x00000000e1500000, 0x0000000100000000)
  eden space 16384K, 100% used [0x00000000e0000000,0x00000000e1000000,0x00000000e1000000)
  from space 2560K, 92% used [0x00000000e1280000,0x00000000e14d0d30,0x00000000e1500000)
  to   space 2560K, 0% used [0x00000000e1000000,0x00000000e1000000,0x00000000e1280000)
 ParOldGen       total 44032K, used 622K [0x00000000a0000000, 0x00000000a2b00000, 0x00000000e0000000)
  object space 44032K, 1% used [0x00000000a0000000,0x00000000a009bb58,0x00000000a2b00000)
 Metaspace       used 8883K, capacity 9044K, committed 9216K, reserved 1056768K
  class space    used 1133K, capacity 1223K, committed 1280K, reserved 1048576K
Event: 1.776 GC heap after
Heap after GC invocations=3 (full 0):
 PSYoungGen      total 18944K, used 2544K [0x00000000e0000000, 0x00000000e1500000, 0x0000000100000000)
  eden space 16384K, 0% used [0x00000000e0000000,0x00000000e0000000,0x00000000e1000000)
  from space 2560K, 99% used [0x00000000e1000000,0x00000000e127c010,0x00000000e1280000)
  to   space 2560K, 0% used [0x00000000e1280000,0x00000000e1280000,0x00000000e1500000)
 ParOldGen       total 44032K, used 1878K [0x00000000a0000000, 0x00000000a2b00000, 0x00000000e0000000)
  object space 44032K, 4% used [0x00000000a0000000,0x00000000a01d5ba8,0x00000000a2b00000)
 Metaspace       used 8883K, capacity 9044K, committed 9216K, reserved 1056768K
  class space    used 1133K, capacity 1223K, committed 1280K, reserved 1048576K
}
Event: 2.622 GC heap before
{Heap before GC invocations=4 (full 0):
 PSYoungGen      total 18944K, used 18928K [0x00000000e0000000, 0x00000000e1500000, 0x0000000100000000)
  eden space 16384K, 100% used [0x00000000e0000000,0x00000000e1000000,0x00000000e1000000)
  from space 2560K, 99% used [0x00000000e1000000,0x00000000e127c010,0x00000000e1280000)
  to   space 2560K, 0% used [0x00000000e1280000,0x00000000e1280000,0x00000000e1500000)
 ParOldGen       total 44032K, used 1878K [0x00000000a0000000, 0x00000000a2b00000, 0x00000000e0000000)
  object space 44032K, 4% used [0x00000000a0000000,0x00000000a01d5ba8,0x00000000a2b00000)
 Metaspace       used 13108K, capacity 13460K, committed 13696K, reserved 1060864K
  class space    used 1741K, capacity 1876K, committed 1920K, reserved 1048576K
Event: 2.631 GC heap after
Heap after GC invocations=4 (full 0):
 PSYoungGen      total 18944K, used 2528K [0x00000000e0000000, 0x00000000e1500000, 0x0000000100000000)
  eden space 16384K, 0% used [0x00000000e0000000,0x00000000e0000000,0x00000000e1000000)
  from space 2560K, 98% used [0x00000000e1280000,0x00000000e14f8040,0x00000000e1500000)
  to   space 2560K, 0% used [0x00000000e1000000,0x00000000e1000000,0x00000000e1280000)
 ParOldGen       total 44032K, used 4177K [0x00000000a0000000, 0x00000000a2b00000, 0x00000000e0000000)
  object space 44032K, 9% used [0x00000000a0000000,0x00000000a04144d8,0x00000000a2b00000)
 Metaspace       used 13108K, capacity 13460K, committed 13696K, reserved 1060864K
  class space    used 1741K, capacity 1876K, committed 1920K, reserved 1048576K
}
Event: 2.903 GC heap before
{Heap before GC invocations=5 (full 0):
 PSYoungGen      total 18944K, used 18912K [0x00000000e0000000, 0x00000000e1500000, 0x0000000100000000)
  eden space 16384K, 100% used [0x00000000e0000000,0x00000000e1000000,0x00000000e1000000)
  from space 2560K, 98% used [0x00000000e1280000,0x00000000e14f8040,0x00000000e1500000)
  to   space 2560K, 0% used [0x00000000e1000000,0x00000000e1000000,0x00000000e1280000)
 ParOldGen       total 44032K, used 4177K [0x00000000a0000000, 0x00000000a2b00000, 0x00000000e0000000)
  object space 44032K, 9% used [0x00000000a0000000,0x00000000a04144d8,0x00000000a2b00000)
 Metaspace       used 14600K, capacity 14900K, committed 14976K, reserved 1062912K
  class space    used 1988K, capacity 2100K, committed 2176K, reserved 1048576K
Event: 2.909 GC heap after
Heap after GC invocations=5 (full 0):
 PSYoungGen      total 18944K, used 2544K [0x00000000e0000000, 0x00000000e2c00000, 0x0000000100000000)
  eden space 16384K, 0% used [0x00000000e0000000,0x00000000e0000000,0x00000000e1000000)
  from space 2560K, 99% used [0x00000000e1000000,0x00000000e127c010,0x00000000e1280000)
  to   space 6144K, 0% used [0x00000000e2600000,0x00000000e2600000,0x00000000e2c00000)
 ParOldGen       total 44032K, used 6382K [0x00000000a0000000, 0x00000000a2b00000, 0x00000000e0000000)
  object space 44032K, 14% used [0x00000000a0000000,0x00000000a063bad0,0x00000000a2b00000)
 Metaspace       used 14600K, capacity 14900K, committed 14976K, reserved 1062912K
  class space    used 1988K, capacity 2100K, committed 2176K, reserved 1048576K
}
Event: 3.752 GC heap before
{Heap before GC invocations=6 (full 0):
 PSYoungGen      total 18944K, used 18928K [0x00000000e0000000, 0x00000000e2c00000, 0x0000000100000000)
  eden space 16384K, 100% used [0x00000000e0000000,0x00000000e1000000,0x00000000e1000000)
  from space 2560K, 99% used [0x00000000e1000000,0x00000000e127c010,0x00000000e1280000)
  to   space 6144K, 0% used [0x00000000e2600000,0x00000000e2600000,0x00000000e2c00000)
 ParOldGen       total 44032K, used 6382K [0x00000000a0000000, 0x00000000a2b00000, 0x00000000e0000000)
  object space 44032K, 14% used [0x00000000a0000000,0x00000000a063bad0,0x00000000a2b00000)
 Metaspace       used 16584K, capacity 17008K, committed 17152K, reserved 1064960K
  class space    used 2310K, capacity 2434K, committed 2560K, reserved 1048576K
Event: 3.766 GC heap after
Heap after GC invocations=6 (full 0):
 PSYoungGen      total 38912K, used 4641K [0x00000000e0000000, 0x00000000e2c00000, 0x0000000100000000)
  eden space 32768K, 0% used [0x00000000e0000000,0x00000000e0000000,0x00000000e2000000)
  from space 6144K, 75% used [0x00000000e2600000,0x00000000e2a88420,0x00000000e2c00000)
  to   space 6144K, 0% used [0x00000000e2000000,0x00000000e2000000,0x00000000e2600000)
 ParOldGen       total 44032K, used 6390K [0x00000000a0000000, 0x00000000a2b00000, 0x00000000e0000000)
  object space 44032K, 14% used [0x00000000a0000000,0x00000000a063dad0,0x00000000a2b00000)
 Metaspace       used 16584K, capacity 17008K, committed 17152K, reserved 1064960K
  class space    used 2310K, capacity 2434K, committed 2560K, reserved 1048576K
}
Event: 4.220 GC heap before
{Heap before GC invocations=7 (full 0):
 PSYoungGen      total 38912K, used 11938K [0x00000000e0000000, 0x00000000e2c00000, 0x0000000100000000)
  eden space 32768K, 22% used [0x00000000e0000000,0x00000000e0720430,0x00000000e2000000)
  from space 6144K, 75% used [0x00000000e2600000,0x00000000e2a88420,0x00000000e2c00000)
  to   space 6144K, 0% used [0x00000000e2000000,0x00000000e2000000,0x00000000e2600000)
 ParOldGen       total 44032K, used 6390K [0x00000000a0000000, 0x00000000a2b00000, 0x00000000e0000000)
  object space 44032K, 14% used [0x00000000a0000000,0x00000000a063dad0,0x00000000a2b00000)
 Metaspace       used 17578K, capacity 17942K, committed 18048K, reserved 1069056K
  class space    used 2457K, capacity 2596K, committed 2688K, reserved 1048576K

